2025-08-30 01:07:07,027 - deadbolt_main - INFO - Logging system initialized
2025-08-30 01:07:07,027 - deadbolt_main - INFO - Deadbolt Defender initialized
2025-08-30 01:07:07,027 - deadbolt_main - INFO - Starting Deadbolt Ransomware Defender...
2025-08-30 01:07:07,027 - deadbolt_main - INFO - Initializing responder...
2025-08-30 01:07:07,030 - deadbolt_main - INFO - Initializing detector...
2025-08-30 01:07:07,031 - deadbolt_main - INFO - Initializing filesystem watcher...
2025-08-30 01:07:07,032 - deadbolt_main - INFO - Starting detector monitoring...
2025-08-30 01:07:07,051 - deadbolt_main - INFO - Starting filesystem monitoring...
2025-08-30 01:07:07,277 - deadbolt_main - INFO - Status monitoring started
2025-08-30 01:07:07,277 - deadbolt_main - INFO - Status update - Uptime: 0s, Threats: 0, Responses: 0
2025-08-30 01:07:07,277 - deadbolt_main - INFO - Deadbolt Defender started successfully
2025-08-30 01:07:07,313 - deadbolt_main - INFO - Monitoring directories: ['C:\\Users\\MADHURIMA\\Documents']
2025-08-30 01:07:07,329 - deadbolt_main - INFO - Rules: {'mass_delete': {'count': 10, 'interval': 5}, 'mass_rename': {'count': 10, 'interval': 5}}
2025-08-30 01:07:07,335 - deadbolt_main - INFO - Actions enabled: {'log_only': False, 'kill_process': True, 'shutdown': False, 'dry_run': False}
2025-08-30 01:07:07,382 - deadbolt_main - INFO - Stopping Deadbolt Defender...
2025-08-30 01:07:07,404 - deadbolt_main - INFO - Stopping filesystem watcher...
2025-08-30 01:07:07,513 - deadbolt_main - INFO - Stopping detector...
2025-08-30 01:07:12,540 - deadbolt_main - INFO - Shutdown complete. Uptime: 5.5 seconds
2025-08-30 01:07:12,540 - deadbolt_main - INFO - Final stats: {'threats_detected': 0, 'responses_triggered': 0, 'files_monitored': 0, 'uptime_seconds': 5.513462}
2025-08-30 01:10:01,041 - deadbolt_main - INFO - Logging system initialized
2025-08-30 01:10:01,041 - deadbolt_main - INFO - Deadbolt Defender initialized
2025-08-30 01:10:01,041 - deadbolt_main - INFO - Starting Deadbolt Ransomware Defender...
2025-08-30 01:10:01,041 - deadbolt_main - INFO - Initializing responder...
2025-08-30 01:10:01,044 - deadbolt_main - INFO - Initializing detector...
2025-08-30 01:10:01,044 - deadbolt_main - INFO - Initializing filesystem watcher...
2025-08-30 01:10:01,044 - deadbolt_main - INFO - Starting detector monitoring...
2025-08-30 01:10:01,061 - deadbolt_main - INFO - Starting filesystem monitoring...
2025-08-30 01:10:01,247 - deadbolt_main - INFO - Status monitoring started
2025-08-30 01:10:01,259 - deadbolt_main - INFO - Deadbolt Defender started successfully
2025-08-30 01:10:01,265 - deadbolt_main - INFO - Status update - Uptime: 0s, Threats: 0, Responses: 0
2025-08-30 01:10:01,270 - deadbolt_main - INFO - Monitoring directories: ['C:\\Users\\MADHURIMA\\Documents']
2025-08-30 01:10:01,310 - deadbolt_main - INFO - Rules: {'mass_delete': {'count': 10, 'interval': 5}, 'mass_rename': {'count': 10, 'interval': 5}}
2025-08-30 01:10:01,325 - deadbolt_main - INFO - Actions enabled: {'log_only': False, 'kill_process': True, 'shutdown': False, 'dry_run': False}
2025-08-30 01:10:21,394 - deadbolt_main - INFO - Logging system initialized
2025-08-30 01:10:21,394 - deadbolt_main - INFO - Deadbolt Defender initialized
2025-08-30 01:10:21,394 - deadbolt_main - INFO - Starting Deadbolt Ransomware Defender...
2025-08-30 01:10:21,394 - deadbolt_main - INFO - Initializing responder...
2025-08-30 01:10:21,394 - deadbolt_main - INFO - Initializing detector...
2025-08-30 01:10:21,397 - deadbolt_main - INFO - Initializing filesystem watcher...
2025-08-30 01:10:21,397 - deadbolt_main - INFO - Starting detector monitoring...
2025-08-30 01:10:21,418 - deadbolt_main - INFO - Starting filesystem monitoring...
2025-08-30 01:10:21,606 - deadbolt_main - INFO - Status monitoring started
2025-08-30 01:10:21,615 - deadbolt_main - INFO - Deadbolt Defender started successfully
2025-08-30 01:10:21,615 - deadbolt_main - INFO - Status update - Uptime: 0s, Threats: 0, Responses: 0
2025-08-30 01:10:21,637 - deadbolt_main - INFO - Monitoring directories: ['C:\\Users\\MADHURIMA\\Documents']
2025-08-30 01:10:21,685 - deadbolt_main - INFO - Rules: {'mass_delete': {'count': 10, 'interval': 5}, 'mass_rename': {'count': 10, 'interval': 5}}
2025-08-30 01:10:21,698 - deadbolt_main - INFO - Actions enabled: {'log_only': False, 'kill_process': True, 'shutdown': False, 'dry_run': False}
2025-08-30 01:10:21,723 - deadbolt_main - INFO - Stopping Deadbolt Defender...
2025-08-30 01:10:21,723 - deadbolt_main - INFO - Stopping filesystem watcher...
2025-08-30 01:10:21,823 - deadbolt_main - INFO - Stopping detector...
2025-08-30 01:10:26,836 - deadbolt_main - INFO - Shutdown complete. Uptime: 5.4 seconds
2025-08-30 01:10:26,836 - deadbolt_main - INFO - Final stats: {'threats_detected': 0, 'responses_triggered': 0, 'files_monitored': 0, 'uptime_seconds': 5.441741}
2025-08-30 01:11:38,675 - deadbolt_main - INFO - Logging system initialized
2025-08-30 01:11:38,676 - deadbolt_main - INFO - Deadbolt Defender initialized
2025-08-30 01:11:38,676 - deadbolt_main - INFO - Starting Deadbolt Ransomware Defender...
2025-08-30 01:11:38,676 - deadbolt_main - INFO - Initializing responder...
2025-08-30 01:11:38,676 - deadbolt_main - INFO - Initializing detector...
2025-08-30 01:11:38,676 - deadbolt_main - INFO - Initializing filesystem watcher...
2025-08-30 01:11:38,676 - deadbolt_main - INFO - Starting detector monitoring...
2025-08-30 01:11:38,702 - deadbolt_main - INFO - Starting filesystem monitoring...
2025-08-30 01:11:38,928 - deadbolt_main - INFO - Status monitoring started
2025-08-30 01:11:38,940 - deadbolt_main - INFO - Deadbolt Defender started successfully
2025-08-30 01:11:38,952 - deadbolt_main - INFO - Status update - Uptime: 0s, Threats: 0, Responses: 0
2025-08-30 01:11:38,976 - deadbolt_main - INFO - Monitoring directories: ['C:\\Users\\MADHURIMA\\Documents', 'C:\\Users\\MADHUR~1\\AppData\\Local\\Temp\\ransomware_test']
2025-08-30 01:11:39,052 - deadbolt_main - INFO - Rules: {'mass_delete': {'count': 5, 'interval': 5}, 'mass_rename': {'count': 5, 'interval': 5}}
2025-08-30 01:11:39,071 - deadbolt_main - INFO - Actions enabled: {'log_only': False, 'kill_process': True, 'shutdown': False, 'dry_run': False}
2025-08-30 01:14:17,263 - deadbolt_main - INFO - Logging system initialized
2025-08-30 01:14:17,265 - deadbolt_main - INFO - Deadbolt Defender initialized
2025-08-30 01:14:17,265 - deadbolt_main - INFO - Starting Deadbolt Ransomware Defender...
2025-08-30 01:14:17,265 - deadbolt_main - INFO - Initializing responder...
2025-08-30 01:14:17,266 - deadbolt_main - INFO - Initializing detector...
2025-08-30 01:14:17,266 - deadbolt_main - INFO - Initializing filesystem watcher...
2025-08-30 01:14:17,267 - deadbolt_main - INFO - Starting detector monitoring...
2025-08-30 01:14:17,286 - deadbolt_main - INFO - Starting filesystem monitoring...
2025-08-30 01:14:17,613 - deadbolt_main - INFO - Status monitoring started
2025-08-30 01:14:17,622 - deadbolt_main - INFO - Deadbolt Defender started successfully
2025-08-30 01:14:17,633 - deadbolt_main - INFO - Status update - Uptime: 0s, Threats: 0, Responses: 0
2025-08-30 01:14:17,643 - deadbolt_main - INFO - Monitoring directories: ['C:\\Users\\MADHURIMA\\Documents', 'C:\\Users\\MADHUR~1\\AppData\\Local\\Temp\\ransomware_test']
2025-08-30 01:14:17,675 - deadbolt_main - INFO - Rules: {'mass_delete': {'count': 5, 'interval': 5}, 'mass_rename': {'count': 5, 'interval': 5}}
2025-08-30 01:14:17,692 - deadbolt_main - INFO - Actions enabled: {'log_only': False, 'kill_process': True, 'shutdown': False, 'dry_run': False}
2025-08-30 01:14:40,798 - deadbolt_main - INFO - Stopping Deadbolt Defender...
2025-08-30 01:14:40,798 - deadbolt_main - INFO - Stopping filesystem watcher...
2025-08-30 01:14:40,799 - deadbolt_main - INFO - Stopping detector...
2025-08-30 01:14:45,810 - deadbolt_main - INFO - Shutdown complete. Uptime: 28.5 seconds
2025-08-30 01:14:45,810 - deadbolt_main - INFO - Final stats: {'threats_detected': 0, 'responses_triggered': 0, 'files_monitored': 0, 'uptime_seconds': 28.545953}
2025-08-30 01:14:45,810 - deadbolt_main - WARNING - Deadbolt Defender is not running
2025-08-30 01:15:50,527 - deadbolt_main - INFO - Logging system initialized
2025-08-30 01:15:50,527 - deadbolt_main - INFO - Deadbolt Defender initialized
2025-08-30 01:15:50,527 - deadbolt_main - INFO - Starting Deadbolt Ransomware Defender...
2025-08-30 01:15:50,527 - deadbolt_main - INFO - Initializing responder...
2025-08-30 01:15:50,527 - deadbolt_main - INFO - Initializing detector...
2025-08-30 01:15:50,527 - deadbolt_main - INFO - Initializing filesystem watcher...
2025-08-30 01:15:50,527 - deadbolt_main - INFO - Starting detector monitoring...
2025-08-30 01:15:50,547 - deadbolt_main - INFO - Starting filesystem monitoring...
2025-08-30 01:15:50,804 - deadbolt_main - INFO - Status monitoring started
2025-08-30 01:15:50,816 - deadbolt_main - INFO - Deadbolt Defender started successfully
2025-08-30 01:15:50,826 - deadbolt_main - INFO - Status update - Uptime: 0s, Threats: 0, Responses: 0
2025-08-30 01:15:50,845 - deadbolt_main - INFO - Monitoring directories: ['C:\\Users\\MADHURIMA\\Documents', 'C:\\Users\\MADHUR~1\\AppData\\Local\\Temp\\ransomware_test']
2025-08-30 01:15:50,920 - deadbolt_main - INFO - Rules: {'mass_delete': {'count': 5, 'interval': 5}, 'mass_rename': {'count': 5, 'interval': 5}}
2025-08-30 01:15:50,932 - deadbolt_main - INFO - Actions enabled: {'log_only': False, 'kill_process': True, 'shutdown': False, 'dry_run': False}
2025-08-30 01:19:11,702 - deadbolt_main - INFO - Logging system initialized
2025-08-30 01:19:11,702 - deadbolt_main - INFO - Deadbolt Defender initialized
2025-08-30 01:19:11,702 - deadbolt_main - INFO - Starting Deadbolt Ransomware Defender...
2025-08-30 01:19:11,702 - deadbolt_main - INFO - Initializing responder...
2025-08-30 01:19:11,706 - deadbolt_main - INFO - Initializing detector...
2025-08-30 01:19:11,706 - deadbolt_main - INFO - Initializing filesystem watcher...
2025-08-30 01:19:11,706 - deadbolt_main - INFO - Starting detector monitoring...
2025-08-30 01:19:11,732 - deadbolt_main - INFO - Starting filesystem monitoring...
2025-08-30 01:19:12,051 - deadbolt_main - INFO - Status monitoring started
2025-08-30 01:19:12,063 - deadbolt_main - INFO - Deadbolt Defender started successfully
2025-08-30 01:19:12,075 - deadbolt_main - INFO - Status update - Uptime: 0s, Threats: 0, Responses: 0
2025-08-30 01:19:12,086 - deadbolt_main - INFO - Monitoring directories: ['C:\\Users\\MADHURIMA\\Documents', 'C:\\Users\\MADHUR~1\\AppData\\Local\\Temp\\ransomware_test']
2025-08-30 01:19:12,141 - deadbolt_main - INFO - Rules: {'mass_delete': {'count': 5, 'interval': 5}, 'mass_rename': {'count': 5, 'interval': 5}}
2025-08-30 01:19:12,164 - deadbolt_main - INFO - Actions enabled: {'log_only': False, 'kill_process': True, 'shutdown': False, 'dry_run': False}
2025-08-30 01:24:12,121 - deadbolt_main - ERROR - Filesystem watcher is not healthy
2025-08-30 01:25:12,122 - deadbolt_main - ERROR - Filesystem watcher is not healthy
2025-08-30 01:26:12,123 - deadbolt_main - ERROR - Filesystem watcher is not healthy
2025-08-30 01:27:12,124 - deadbolt_main - ERROR - Filesystem watcher is not healthy
2025-08-30 01:30:04,688 - deadbolt_main - INFO - Logging system initialized
2025-08-30 01:30:04,688 - deadbolt_main - INFO - Deadbolt Defender initialized
2025-08-30 01:30:04,688 - deadbolt_main - INFO - Starting Deadbolt Ransomware Defender...
2025-08-30 01:30:04,688 - deadbolt_main - INFO - Initializing responder...
2025-08-30 01:30:04,691 - deadbolt_main - INFO - Initializing detector...
2025-08-30 01:30:04,691 - deadbolt_main - INFO - Initializing filesystem watcher...
2025-08-30 01:30:04,691 - deadbolt_main - INFO - Starting detector monitoring...
2025-08-30 01:30:04,691 - deadbolt_main - INFO - Starting filesystem monitoring...
2025-08-30 01:30:04,695 - deadbolt_main - INFO - Status monitoring started
2025-08-30 01:30:04,695 - deadbolt_main - INFO - Deadbolt Defender started successfully
2025-08-30 01:30:04,695 - deadbolt_main - INFO - Status update - Uptime: 0s, Threats: 0, Responses: 0
2025-08-30 01:30:04,695 - deadbolt_main - INFO - Monitoring directories: ['C:\\Users\\MADHURIMA\\Documents', 'C:\\Users\\MADHUR~1\\AppData\\Local\\Temp\\ransomware_test']
2025-08-30 01:30:04,695 - deadbolt_main - INFO - Rules: {'mass_delete': {'count': 5, 'interval': 5}, 'mass_rename': {'count': 5, 'interval': 5}}
2025-08-30 01:30:04,695 - deadbolt_main - INFO - Actions enabled: {'log_only': False, 'kill_process': True, 'shutdown': False, 'dry_run': False}
2025-08-30 01:37:35,757 - deadbolt_main - INFO - Logging system initialized
2025-08-30 01:37:35,758 - deadbolt_main - INFO - Deadbolt Defender initialized
2025-08-30 01:37:35,758 - deadbolt_main - INFO - Starting Deadbolt Ransomware Defender...
2025-08-30 01:37:35,758 - deadbolt_main - INFO - Initializing responder...
2025-08-30 01:37:35,760 - deadbolt_main - INFO - Initializing detector...
2025-08-30 01:37:35,760 - deadbolt_main - INFO - Initializing filesystem watcher...
2025-08-30 01:37:35,760 - deadbolt_main - INFO - Starting detector monitoring...
2025-08-30 01:37:35,760 - deadbolt_main - INFO - Starting filesystem monitoring...
2025-08-30 01:37:35,764 - deadbolt_main - INFO - Status monitoring started
2025-08-30 01:37:35,764 - deadbolt_main - INFO - Deadbolt Defender started successfully
2025-08-30 01:37:35,764 - deadbolt_main - INFO - Status update - Uptime: 0s, Threats: 0, Responses: 0
2025-08-30 01:37:35,764 - deadbolt_main - INFO - Monitoring directories: ['C:\\Users\\MADHURIMA\\Documents\\testtxt', 'C:\\Users\\MADHURIMA\\Documents']
2025-08-30 01:37:35,764 - deadbolt_main - INFO - Rules: {'mass_delete': {'count': 5, 'interval': 5}, 'mass_rename': {'count': 5, 'interval': 5}}
2025-08-30 01:37:35,764 - deadbolt_main - INFO - Actions enabled: {'log_only': False, 'kill_process': True, 'shutdown': False, 'dry_run': False}
2025-08-30 01:41:47,727 - deadbolt_main - INFO - Logging system initialized
2025-08-30 01:41:47,727 - deadbolt_main - INFO - Deadbolt Defender initialized
2025-08-30 01:41:47,727 - deadbolt_main - INFO - Starting Deadbolt Ransomware Defender...
2025-08-30 01:41:47,727 - deadbolt_main - INFO - Initializing responder...
2025-08-30 01:41:47,729 - deadbolt_main - INFO - Initializing detector...
2025-08-30 01:41:47,729 - deadbolt_main - INFO - Initializing filesystem watcher...
2025-08-30 01:41:47,729 - deadbolt_main - INFO - Starting detector monitoring...
2025-08-30 01:41:47,729 - deadbolt_main - INFO - Starting filesystem monitoring...
2025-08-30 01:41:47,733 - deadbolt_main - INFO - Status monitoring started
2025-08-30 01:41:47,733 - deadbolt_main - INFO - Deadbolt Defender started successfully
2025-08-30 01:41:47,733 - deadbolt_main - INFO - Status update - Uptime: 0s, Threats: 0, Responses: 0
2025-08-30 01:41:47,733 - deadbolt_main - INFO - Monitoring directories: ['C:\\Users\\MADHURIMA\\Documents\\testtxt', 'C:\\Users\\MADHURIMA\\Documents']
2025-08-30 01:41:47,733 - deadbolt_main - INFO - Rules: {'mass_delete': {'count': 5, 'interval': 5}, 'mass_rename': {'count': 5, 'interval': 5}}
2025-08-30 01:41:47,733 - deadbolt_main - INFO - Actions enabled: {'log_only': False, 'kill_process': True, 'shutdown': False, 'dry_run': False}
2025-08-30 01:51:47,829 - deadbolt_main - INFO - Status update - Uptime: 600s, Threats: 0, Responses: 0
2025-08-30 01:51:47,844 - deadbolt_main - INFO - Threat summary: {'suspicious_filename': 4, 'mass_modification': 4, 'suspicious_extension': 4, 'mass_delete': 4}
2025-08-30 01:51:47,860 - deadbolt_main - INFO - Response stats: {'total_responses': 100, 'recent_responses_1h': 100, 'response_levels': {'CRITICAL': 52, 'HIGH': 48}, 'last_response': datetime.datetime(2025, 8, 30, 1, 51, 47, 749475)}
2025-08-30 02:01:41,114 - deadbolt_main - INFO - Logging system initialized
2025-08-30 02:01:41,114 - deadbolt_main - INFO - Deadbolt Defender initialized
2025-08-30 02:01:41,114 - deadbolt_main - INFO - Starting Deadbolt Ransomware Defender...
2025-08-30 02:01:41,114 - deadbolt_main - INFO - Initializing responder...
2025-08-30 02:01:41,116 - deadbolt_main - INFO - Initializing detector...
2025-08-30 02:01:41,116 - deadbolt_main - INFO - Initializing filesystem watcher...
2025-08-30 02:01:41,116 - deadbolt_main - INFO - Starting detector monitoring...
2025-08-30 02:01:41,116 - deadbolt_main - INFO - Starting filesystem monitoring...
2025-08-30 02:01:41,116 - deadbolt_main - INFO - Status monitoring started
2025-08-30 02:01:41,116 - deadbolt_main - INFO - Deadbolt Defender started successfully
2025-08-30 02:01:41,116 - deadbolt_main - INFO - Status update - Uptime: 0s, Threats: 0, Responses: 0
2025-08-30 02:01:41,116 - deadbolt_main - INFO - Monitoring directories: ['C:\\Users\\MADHURIMA\\Documents\\testtxt', 'C:\\Users\\MADHURIMA\\Documents']
2025-08-30 02:01:41,116 - deadbolt_main - INFO - Rules: {'mass_delete': {'count': 5, 'interval': 5}, 'mass_rename': {'count': 5, 'interval': 5}}
2025-08-30 02:01:41,116 - deadbolt_main - INFO - Actions enabled: {'log_only': False, 'kill_process': True, 'shutdown': False, 'dry_run': False}
2025-08-30 02:11:41,124 - deadbolt_main - INFO - Status update - Uptime: 600s, Threats: 0, Responses: 0
2025-08-30 02:11:41,124 - deadbolt_main - INFO - Threat summary: {'mass_modification': 13, 'suspicious_filename': 13, 'suspicious_extension': 13, 'mass_delete': 13}
