
==================================================
FINAL TEST STARTED: 2025-08-30 03:35:21
==================================================

==================================================
FINAL TEST STARTED: 2025-08-30 03:36:07
==================================================
2025-08-30 03:44:39,648 - INFO - Threat Responder initialized
2025-08-30 03:44:39,648 - WARNING - Running without administrator privileges - some process termination may fail

============================================================
BEHAVIOR TEST STARTED: 2025-08-30 03:49:51.331727
============================================================
2025-08-30 03:49:54,381 - INFO - Threat Responder initialized
2025-08-30 03:49:54,382 - WARNING - Running without administrator privileges - some process termination may fail
2025-08-30 03:50:29,566 - CRITICAL - THREAT RESPONSE INITIATED - Level: CRITICAL
2025-08-30 03:50:29,567 - CRITICAL - Threat Type: mass_modification
2025-08-30 03:50:29,567 - CRITICAL - Description: Mass file modification detected: 8 files modified in 5 seconds (potential encryption)
2025-08-30 03:50:29,567 - CRITICAL - Target PIDs: []
2025-08-30 03:50:29,567 - CRITICAL - EXECUTING EMERGENCY RESPONSE MEASURES - ACTIVE THREAT HUNTING
2025-08-30 03:50:29,950 - INFO - No active threats identified during emergency scan
2025-08-30 03:50:29,950 - INFO - Implementing protective measures
2025-08-30 03:50:29,962 - INFO - All suspicious processes successfully terminated
2025-08-30 03:50:30,214 - CRITICAL - THREAT RESPONSE INITIATED - Level: CRITICAL
2025-08-30 03:50:30,214 - CRITICAL - Threat Type: mass_modification
2025-08-30 03:50:30,214 - CRITICAL - Description: Mass file modification detected: 8 files modified in 5 seconds (potential encryption)
2025-08-30 03:50:30,214 - CRITICAL - Target PIDs: []
2025-08-30 03:50:30,214 - CRITICAL - EXECUTING EMERGENCY RESPONSE MEASURES - ACTIVE THREAT HUNTING
2025-08-30 03:50:30,494 - INFO - No active threats identified during emergency scan
2025-08-30 03:50:30,494 - INFO - Implementing protective measures
2025-08-30 03:50:30,502 - INFO - All suspicious processes successfully terminated
2025-08-30 03:50:30,713 - CRITICAL - THREAT RESPONSE INITIATED - Level: CRITICAL
2025-08-30 03:50:30,713 - CRITICAL - Threat Type: mass_modification
2025-08-30 03:50:30,713 - CRITICAL - Description: Mass file modification detected: 9 files modified in 5 seconds (potential encryption)
2025-08-30 03:50:30,713 - CRITICAL - Target PIDs: [21124, 10816, 9148, 2164, 4784, 21908, 20960, 12292, 9848]
2025-08-30 03:50:30,713 - CRITICAL - Attempting to terminate 9 suspicious processes
2025-08-30 03:50:30,713 - INFO - Attempting Python termination of powershell.exe (PID: 21124)
2025-08-30 03:50:30,727 - INFO - Successfully terminated powershell.exe (PID: 21124) gracefully
2025-08-30 03:50:30,728 - INFO - Attempting Python termination of conhost.exe (PID: 10816)
2025-08-30 03:50:30,737 - INFO - Successfully terminated conhost.exe (PID: 10816) gracefully
2025-08-30 03:50:30,737 - INFO - Attempting Python termination of powershell.exe (PID: 9148)
2025-08-30 03:50:30,753 - INFO - Successfully terminated powershell.exe (PID: 9148) gracefully
2025-08-30 03:50:30,753 - INFO - Attempting Python termination of python.exe (PID: 2164)
2025-08-30 03:50:30,764 - INFO - Successfully terminated python.exe (PID: 2164) gracefully
2025-08-30 03:50:30,767 - INFO - Attempting Python termination of python.exe (PID: 4784)
2025-08-30 03:50:37,173 - INFO - Threat Responder initialized
2025-08-30 03:50:37,173 - WARNING - Running without administrator privileges - some process termination may fail
2025-08-30 03:50:59,977 - CRITICAL - THREAT RESPONSE INITIATED - Level: CRITICAL
2025-08-30 03:50:59,977 - CRITICAL - Threat Type: mass_delete
2025-08-30 03:50:59,977 - CRITICAL - Description: Mass file deletion detected: 6 files deleted in 5 seconds
2025-08-30 03:50:59,977 - CRITICAL - Target PIDs: []
2025-08-30 03:50:59,977 - CRITICAL - EXECUTING EMERGENCY RESPONSE MEASURES - ACTIVE THREAT HUNTING
2025-08-30 03:51:00,345 - INFO - No active threats identified during emergency scan
2025-08-30 03:51:00,345 - INFO - Implementing protective measures
2025-08-30 03:51:00,359 - INFO - All suspicious processes successfully terminated
2025-08-30 03:51:00,622 - CRITICAL - THREAT RESPONSE INITIATED - Level: CRITICAL
2025-08-30 03:51:00,622 - CRITICAL - Threat Type: mass_delete
2025-08-30 03:51:00,622 - CRITICAL - Description: Mass file deletion detected: 7 files deleted in 5 seconds
2025-08-30 03:51:00,622 - CRITICAL - Target PIDs: []
2025-08-30 03:51:00,622 - CRITICAL - EXECUTING EMERGENCY RESPONSE MEASURES - ACTIVE THREAT HUNTING
2025-08-30 03:51:00,894 - INFO - No active threats identified during emergency scan
2025-08-30 03:51:00,894 - INFO - Implementing protective measures
2025-08-30 03:51:00,900 - INFO - All suspicious processes successfully terminated
2025-08-30 03:51:01,157 - CRITICAL - THREAT RESPONSE INITIATED - Level: CRITICAL
2025-08-30 03:51:01,157 - CRITICAL - Threat Type: mass_delete
2025-08-30 03:51:01,157 - CRITICAL - Description: Mass file deletion detected: 8 files deleted in 5 seconds
2025-08-30 03:51:01,157 - CRITICAL - Target PIDs: [21128, 21908, 20960, 9848, 19812, 11128, 20804, 19264, 12884, 7084]
2025-08-30 03:51:01,157 - CRITICAL - Attempting to terminate 10 suspicious processes
2025-08-30 03:51:01,157 - INFO - Attempting Python termination of conhost.exe (PID: 21128)
2025-08-30 03:51:01,168 - INFO - Successfully terminated conhost.exe (PID: 21128) gracefully
2025-08-30 03:51:01,168 - INFO - Attempting Python termination of conhost.exe (PID: 21908)
2025-08-30 03:51:01,180 - INFO - Successfully terminated conhost.exe (PID: 21908) gracefully
2025-08-30 03:51:01,180 - INFO - Attempting Python termination of powershell.exe (PID: 20960)
2025-08-30 03:51:01,201 - INFO - Successfully terminated powershell.exe (PID: 20960) gracefully
2025-08-30 03:51:01,201 - INFO - Attempting Python termination of conhost.exe (PID: 9848)
2025-08-30 03:51:01,216 - INFO - Successfully terminated conhost.exe (PID: 9848) gracefully
2025-08-30 03:51:01,216 - INFO - Attempting Python termination of python.exe (PID: 19812)
2025-08-30 03:57:01,672 - INFO - Threat Responder initialized
2025-08-30 03:57:01,672 - WARNING - Running without administrator privileges - some process termination may fail
2025-08-30 03:57:37,853 - CRITICAL - THREAT RESPONSE INITIATED - Level: CRITICAL
2025-08-30 03:57:37,853 - CRITICAL - Threat Type: mass_modification
2025-08-30 03:57:37,853 - CRITICAL - Description: Mass file modification detected: 8 files modified in 5 seconds (potential encryption)
2025-08-30 03:57:37,853 - CRITICAL - Target PIDs: [14408, 20616, 11612, 12184, 14068, 9064, 2848, 9560]
2025-08-30 03:57:37,853 - CRITICAL - Attempting to terminate 8 suspicious processes
2025-08-30 03:57:37,853 - INFO - Attempting Python termination of conhost.exe (PID: 14408)
2025-08-30 03:57:37,865 - INFO - Successfully terminated conhost.exe (PID: 14408) gracefully
2025-08-30 03:57:37,865 - INFO - Attempting Python termination of python.exe (PID: 20616)
2025-08-30 03:57:37,879 - INFO - Successfully terminated python.exe (PID: 20616) gracefully
2025-08-30 03:57:37,879 - INFO - Attempting Python termination of python.exe (PID: 11612)
2025-08-30 03:59:00,483 - INFO - Threat Responder initialized
2025-08-30 03:59:00,490 - WARNING - Running without administrator privileges - some process termination may fail
2025-08-30 03:59:38,892 - CRITICAL - THREAT RESPONSE INITIATED - Level: CRITICAL
2025-08-30 03:59:38,892 - CRITICAL - Threat Type: mass_modification
2025-08-30 03:59:38,893 - CRITICAL - Description: Mass file modification detected: 8 files modified in 5 seconds (potential encryption)
2025-08-30 03:59:38,893 - CRITICAL - Target PIDs: [11760, 9876, 16812, 13104, 16752, 8792, 19264]
2025-08-30 03:59:38,893 - CRITICAL - Attempting to terminate 7 suspicious processes
2025-08-30 03:59:38,893 - INFO - Attempting Python termination of conhost.exe (PID: 11760)
2025-08-30 03:59:38,907 - INFO - Successfully terminated conhost.exe (PID: 11760) gracefully
2025-08-30 03:59:38,907 - INFO - Attempting Python termination of python.exe (PID: 9876)
2025-08-30 03:59:38,921 - INFO - Successfully terminated python.exe (PID: 9876) gracefully
2025-08-30 03:59:38,921 - INFO - Attempting Python termination of powershell.exe (PID: 16812)
2025-08-30 03:59:38,938 - INFO - Successfully terminated powershell.exe (PID: 16812) gracefully
2025-08-30 03:59:38,938 - INFO - Attempting Python termination of powershell.exe (PID: 16752)
2025-08-30 03:59:38,956 - INFO - Successfully terminated powershell.exe (PID: 16752) gracefully
2025-08-30 03:59:38,956 - INFO - Attempting Python termination of python.exe (PID: 8792)
2025-08-30 04:12:00,358 - INFO - Threat Responder initialized
2025-08-30 04:12:16,862 - CRITICAL - THREAT RESPONSE INITIATED - Level: CRITICAL
2025-08-30 04:12:16,862 - CRITICAL - Threat Type: mass_delete
2025-08-30 04:12:16,862 - CRITICAL - Description: Mass file deletion detected: 6 files deleted in 5 seconds
2025-08-30 04:12:16,862 - CRITICAL - Target PIDs: [14088, 19504, 19264, 14840, 4552, 12184, 14068, 21992, 9064, 19372]
2025-08-30 04:12:16,862 - CRITICAL - Attempting to terminate 10 suspicious processes
2025-08-30 04:12:16,862 - INFO - Attempting Python termination of smartscreen.exe (PID: 14088)
2025-08-30 04:12:16,870 - INFO - Successfully terminated smartscreen.exe (PID: 14088) gracefully
2025-08-30 04:12:16,871 - INFO - Attempting Python termination of conhost.exe (PID: 19504)
2025-08-30 04:12:16,885 - INFO - Successfully terminated conhost.exe (PID: 19504) gracefully
2025-08-30 04:12:16,885 - INFO - Attempting Python termination of conhost.exe (PID: 19264)
2025-08-30 04:12:16,901 - INFO - Successfully terminated conhost.exe (PID: 19264) gracefully
2025-08-30 04:12:16,901 - INFO - Attempting Python termination of conhost.exe (PID: 14840)
2025-08-30 04:12:16,921 - INFO - Successfully terminated conhost.exe (PID: 14840) gracefully
2025-08-30 04:12:16,921 - INFO - Attempting Python termination of audiodg.exe (PID: 4552)
2025-08-30 04:12:16,940 - INFO - Successfully terminated audiodg.exe (PID: 4552) gracefully
2025-08-30 04:12:16,940 - INFO - Attempting Python termination of conhost.exe (PID: 12184)
2025-08-30 04:12:16,957 - INFO - Successfully terminated conhost.exe (PID: 12184) gracefully
2025-08-30 04:12:16,957 - INFO - Attempting Python termination of powershell.exe (PID: 14068)
2025-08-30 04:12:16,982 - INFO - Successfully terminated powershell.exe (PID: 14068) gracefully
2025-08-30 04:12:16,984 - INFO - Attempting Python termination of python.exe (PID: 21992)
2025-08-30 04:20:28,612 - INFO - Threat Responder initialized
2025-08-30 04:20:49,118 - CRITICAL - THREAT RESPONSE INITIATED - Level: CRITICAL
2025-08-30 04:20:49,118 - CRITICAL - Threat Type: mass_modification
2025-08-30 04:20:49,118 - CRITICAL - Description: Mass file modification detected: 8 files modified in 5 seconds (potential encryption)
2025-08-30 04:20:49,118 - CRITICAL - Target PIDs: [20292, 14824, 12664, 18528, 13948, 2496, 7068, 12616, 17880, 19100]
2025-08-30 04:20:49,118 - CRITICAL - Attempting to terminate 10 suspicious processes
2025-08-30 04:20:49,119 - INFO - Attempting Python termination of conhost.exe (PID: 20292)
2025-08-30 04:20:49,141 - INFO - Successfully terminated conhost.exe (PID: 20292) gracefully
2025-08-30 04:20:49,141 - INFO - Attempting Python termination of python.exe (PID: 14824)
2025-08-30 04:51:21,432 - INFO - Threat Responder initialized
2025-08-30 04:51:36,646 - CRITICAL - THREAT RESPONSE INITIATED - Level: CRITICAL
2025-08-30 04:51:36,646 - CRITICAL - Threat Type: mass_delete
2025-08-30 04:51:36,646 - CRITICAL - Description: Mass file deletion detected: 3 files deleted in 2 seconds
2025-08-30 04:51:36,646 - CRITICAL - Target PIDs: [19852, 12276, 19960, 12352, 4952, 21172, 8428, 10376]
2025-08-30 04:51:36,646 - CRITICAL - Attempting to terminate 8 suspicious processes
2025-08-30 04:51:36,646 - INFO - INSTANT KILL of smartscreen.exe (PID: 19852)
2025-08-30 04:51:36,655 - INFO - Successfully FORCE-KILLED smartscreen.exe (PID: 19852)
2025-08-30 04:51:36,655 - INFO - INSTANT KILL of cmd.exe (PID: 12276)
2025-08-30 04:51:36,668 - INFO - Successfully FORCE-KILLED cmd.exe (PID: 12276)
2025-08-30 04:51:36,668 - INFO - INSTANT KILL of python.exe (PID: 19960)
2025-08-30 04:54:29,317 - INFO - Threat Responder initialized
2025-08-30 04:54:41,993 - CRITICAL - THREAT RESPONSE INITIATED - Level: CRITICAL
2025-08-30 04:54:41,994 - CRITICAL - Threat Type: mass_modification
2025-08-30 04:54:41,994 - CRITICAL - Description: Mass file modification detected: 4 files modified in 2 seconds (potential encryption)
2025-08-30 04:54:41,994 - CRITICAL - Target PIDs: [11028, 10376, 8428, 3108, 15016, 8288, 12352, 6204]
2025-08-30 04:54:41,994 - CRITICAL - Attempting to terminate 8 suspicious processes
2025-08-30 04:54:41,994 - INFO - INSTANT KILL of python.exe (PID: 11028)
2025-08-30 04:54:42,007 - INFO - Successfully FORCE-KILLED python.exe (PID: 11028)
2025-08-30 04:54:42,009 - INFO - INSTANT KILL of audiodg.exe (PID: 10376)
2025-08-30 04:54:42,034 - INFO - Successfully FORCE-KILLED audiodg.exe (PID: 10376)
2025-08-30 04:54:42,035 - INFO - INSTANT KILL of powershell.exe (PID: 8428)
2025-08-30 04:54:42,062 - INFO - Successfully FORCE-KILLED powershell.exe (PID: 8428)
2025-08-30 04:54:42,062 - INFO - INSTANT KILL of cmd.exe (PID: 3108)
2025-08-30 04:54:42,075 - INFO - Successfully FORCE-KILLED cmd.exe (PID: 3108)
2025-08-30 04:54:42,075 - INFO - INSTANT KILL of smartscreen.exe (PID: 15016)
2025-08-30 04:54:42,086 - INFO - Successfully FORCE-KILLED smartscreen.exe (PID: 15016)
2025-08-30 04:54:42,087 - INFO - INSTANT KILL of python.exe (PID: 8288)
