
==================================================
FINAL TEST STARTED: 2025-08-30 03:35:21
==================================================

==================================================
FINAL TEST STARTED: 2025-08-30 03:36:07
==================================================
2025-08-30 03:44:39,651 - INFO - Ransomware Watcher initialized - monitoring directories
2025-08-30 03:44:39,651 - INFO - Ransomware Watcher initialized - monitoring directories
2025-08-30 03:44:39,651 - WARNING - Directory does not exist: C:\Users\MADHURIMA\Documents\testtxt
2025-08-30 03:44:39,651 - WARNING - Directory does not exist: C:\Users\MADHURIMA\Documents\testtxt
2025-08-30 03:44:39,651 - INFO - Monitoring directory: C:\Users\MADHURIMA\Documents
2025-08-30 03:44:39,651 - INFO - Monitoring directory: C:\Users\MADHURIMA\Documents
2025-08-30 03:44:39,654 - INFO - File system watcher started successfully
2025-08-30 03:44:39,654 - INFO - File system watcher started successfully

============================================================
BEHAVIOR TEST STARTED: 2025-08-30 03:49:51.331727
============================================================
2025-08-30 03:49:54,382 - INFO - Ransomware Watcher initialized - monitoring directories
2025-08-30 03:49:54,382 - INFO - Ransomware Watcher initialized - monitoring directories
2025-08-30 03:49:54,382 - WARNING - Directory does not exist: C:\Users\MADHURIMA\Documents\testtxt
2025-08-30 03:49:54,382 - WARNING - Directory does not exist: C:\Users\MADHURIMA\Documents\testtxt
2025-08-30 03:49:54,382 - INFO - Monitoring directory: C:\Users\MADHURIMA\Documents
2025-08-30 03:49:54,382 - INFO - Monitoring directory: C:\Users\MADHURIMA\Documents
2025-08-30 03:49:54,386 - INFO - File system watcher started successfully
2025-08-30 03:49:54,386 - INFO - File system watcher started successfully
2025-08-30 03:50:29,565 - INFO - Recent process info for modified: 11 unique processes identified
2025-08-30 03:50:29,565 - INFO - Recent process info for modified: 11 unique processes identified
2025-08-30 03:50:29,566 - CRITICAL - RANSOMWARE ALERT: Mass file modification detected: 8 files modified in 5 seconds (potential encryption)
2025-08-30 03:50:29,566 - CRITICAL - RANSOMWARE ALERT: Mass file modification detected: 8 files modified in 5 seconds (potential encryption)
2025-08-30 03:50:30,213 - INFO - Recent process info for modified: 11 unique processes identified
2025-08-30 03:50:30,213 - INFO - Recent process info for modified: 11 unique processes identified
2025-08-30 03:50:30,213 - CRITICAL - RANSOMWARE ALERT: Mass file modification detected: 8 files modified in 5 seconds (potential encryption)
2025-08-30 03:50:30,213 - CRITICAL - RANSOMWARE ALERT: Mass file modification detected: 8 files modified in 5 seconds (potential encryption)
2025-08-30 03:50:30,712 - INFO - Recent process info for modified: 12 unique processes identified
2025-08-30 03:50:30,712 - INFO - Recent process info for modified: 12 unique processes identified
2025-08-30 03:50:30,712 - CRITICAL - RANSOMWARE ALERT: Mass file modification detected: 9 files modified in 5 seconds (potential encryption)
2025-08-30 03:50:30,712 - CRITICAL - RANSOMWARE ALERT: Mass file modification detected: 9 files modified in 5 seconds (potential encryption)
2025-08-30 03:50:37,175 - INFO - Ransomware Watcher initialized - monitoring directories
2025-08-30 03:50:37,175 - INFO - Ransomware Watcher initialized - monitoring directories
2025-08-30 03:50:37,175 - INFO - Monitoring directory: C:\Users\MADHURIMA\Documents\testtxt
2025-08-30 03:50:37,175 - INFO - Monitoring directory: C:\Users\MADHURIMA\Documents\testtxt
2025-08-30 03:50:37,175 - INFO - Monitoring directory: C:\Users\MADHURIMA\Documents
2025-08-30 03:50:37,175 - INFO - Monitoring directory: C:\Users\MADHURIMA\Documents
2025-08-30 03:50:37,177 - INFO - File system watcher started successfully
2025-08-30 03:50:37,177 - INFO - File system watcher started successfully
2025-08-30 03:50:59,696 - INFO - Recent process info for deleted: 12 unique processes identified
2025-08-30 03:50:59,696 - INFO - Recent process info for deleted: 12 unique processes identified
2025-08-30 03:50:59,696 - WARNING - RANSOMWARE ALERT: Mass file deletion detected: 5 files deleted in 5 seconds
2025-08-30 03:50:59,696 - WARNING - RANSOMWARE ALERT: Mass file deletion detected: 5 files deleted in 5 seconds
2025-08-30 03:50:59,974 - INFO - Recent process info for deleted: 12 unique processes identified
2025-08-30 03:50:59,974 - INFO - Recent process info for deleted: 12 unique processes identified
2025-08-30 03:50:59,976 - WARNING - RANSOMWARE ALERT: Mass file deletion detected: 6 files deleted in 5 seconds
2025-08-30 03:50:59,976 - WARNING - RANSOMWARE ALERT: Mass file deletion detected: 6 files deleted in 5 seconds
2025-08-30 03:51:00,616 - INFO - Recent process info for deleted: 12 unique processes identified
2025-08-30 03:51:00,616 - INFO - Recent process info for deleted: 12 unique processes identified
2025-08-30 03:51:00,622 - WARNING - RANSOMWARE ALERT: Mass file deletion detected: 7 files deleted in 5 seconds
2025-08-30 03:51:00,622 - WARNING - RANSOMWARE ALERT: Mass file deletion detected: 7 files deleted in 5 seconds
2025-08-30 03:51:01,152 - INFO - Recent process info for deleted: 12 unique processes identified
2025-08-30 03:51:01,152 - INFO - Recent process info for deleted: 12 unique processes identified
2025-08-30 03:51:01,152 - WARNING - RANSOMWARE ALERT: Mass file deletion detected: 8 files deleted in 5 seconds
2025-08-30 03:51:01,152 - WARNING - RANSOMWARE ALERT: Mass file deletion detected: 8 files deleted in 5 seconds
2025-08-30 03:57:01,672 - INFO - Ransomware Watcher initialized - monitoring directories
2025-08-30 03:57:01,672 - INFO - Ransomware Watcher initialized - monitoring directories
2025-08-30 03:57:01,672 - WARNING - Directory does not exist: C:\Users\MADHURIMA\Documents\testtxt
2025-08-30 03:57:01,672 - WARNING - Directory does not exist: C:\Users\MADHURIMA\Documents\testtxt
2025-08-30 03:57:01,672 - INFO - Monitoring directory: C:\Users\MADHURIMA\Documents
2025-08-30 03:57:01,672 - INFO - Monitoring directory: C:\Users\MADHURIMA\Documents
2025-08-30 03:57:01,677 - INFO - File system watcher started successfully
2025-08-30 03:57:01,677 - INFO - File system watcher started successfully
2025-08-30 03:57:37,851 - INFO - Recent process info for modified: 10 unique processes identified
2025-08-30 03:57:37,851 - INFO - Recent process info for modified: 10 unique processes identified
2025-08-30 03:57:37,851 - CRITICAL - RANSOMWARE ALERT: Mass file modification detected: 8 files modified in 5 seconds (potential encryption)
2025-08-30 03:57:37,851 - CRITICAL - RANSOMWARE ALERT: Mass file modification detected: 8 files modified in 5 seconds (potential encryption)
2025-08-30 03:59:00,492 - INFO - Ransomware Watcher initialized - monitoring directories
2025-08-30 03:59:00,492 - INFO - Ransomware Watcher initialized - monitoring directories
2025-08-30 03:59:00,492 - WARNING - Directory does not exist: C:\Users\MADHURIMA\Documents\testtxt
2025-08-30 03:59:00,492 - WARNING - Directory does not exist: C:\Users\MADHURIMA\Documents\testtxt
2025-08-30 03:59:00,492 - INFO - Monitoring directory: C:\Users\MADHURIMA\Documents
2025-08-30 03:59:00,492 - INFO - Monitoring directory: C:\Users\MADHURIMA\Documents
2025-08-30 03:59:00,492 - INFO - File system watcher started successfully
2025-08-30 03:59:00,492 - INFO - File system watcher started successfully
2025-08-30 03:59:38,891 - INFO - Recent process info for modified: 10 unique processes identified
2025-08-30 03:59:38,891 - INFO - Recent process info for modified: 10 unique processes identified
2025-08-30 03:59:38,891 - CRITICAL - RANSOMWARE ALERT: Mass file modification detected: 8 files modified in 5 seconds (potential encryption)
2025-08-30 03:59:38,891 - CRITICAL - RANSOMWARE ALERT: Mass file modification detected: 8 files modified in 5 seconds (potential encryption)
2025-08-30 04:12:00,361 - INFO - Ransomware Watcher initialized - monitoring directories
2025-08-30 04:12:00,361 - INFO - Ransomware Watcher initialized - monitoring directories
2025-08-30 04:12:00,361 - INFO - Monitoring directory: C:\Users\MADHURIMA\Documents\testtxt
2025-08-30 04:12:00,361 - INFO - Monitoring directory: C:\Users\MADHURIMA\Documents\testtxt
2025-08-30 04:12:00,361 - INFO - Monitoring directory: C:\Users\MADHURIMA\Documents
2025-08-30 04:12:00,361 - INFO - Monitoring directory: C:\Users\MADHURIMA\Documents
2025-08-30 04:12:00,361 - INFO - File system watcher started successfully
2025-08-30 04:12:00,361 - INFO - File system watcher started successfully
2025-08-30 04:12:16,843 - INFO - Recent process info for deleted: 10 unique processes identified
2025-08-30 04:12:16,843 - INFO - Recent process info for deleted: 10 unique processes identified
2025-08-30 04:12:16,843 - WARNING - RANSOMWARE ALERT: Mass file deletion detected: 5 files deleted in 5 seconds
2025-08-30 04:12:16,843 - WARNING - RANSOMWARE ALERT: Mass file deletion detected: 5 files deleted in 5 seconds
2025-08-30 04:12:16,858 - INFO - Recent process info for deleted: 10 unique processes identified
2025-08-30 04:12:16,858 - INFO - Recent process info for deleted: 10 unique processes identified
2025-08-30 04:12:16,858 - WARNING - RANSOMWARE ALERT: Mass file deletion detected: 6 files deleted in 5 seconds
2025-08-30 04:12:16,858 - WARNING - RANSOMWARE ALERT: Mass file deletion detected: 6 files deleted in 5 seconds
2025-08-30 04:20:28,614 - INFO - Ransomware Watcher initialized - monitoring directories
2025-08-30 04:20:28,614 - INFO - Ransomware Watcher initialized - monitoring directories
2025-08-30 04:20:28,614 - INFO - Monitoring directory: C:\Users\MADHURIMA\Documents\testtxt
2025-08-30 04:20:28,614 - INFO - Monitoring directory: C:\Users\MADHURIMA\Documents\testtxt
2025-08-30 04:20:28,614 - INFO - Monitoring directory: C:\Users\MADHURIMA\Documents
2025-08-30 04:20:28,614 - INFO - Monitoring directory: C:\Users\MADHURIMA\Documents
2025-08-30 04:20:28,614 - INFO - File system watcher started successfully
2025-08-30 04:20:28,614 - INFO - File system watcher started successfully
2025-08-30 04:20:47,900 - INFO - Recent process info for modified: 10 unique processes identified
2025-08-30 04:20:47,900 - INFO - Recent process info for modified: 10 unique processes identified
2025-08-30 04:20:47,901 - CRITICAL - RANSOMWARE ALERT: Mass file modification detected: 8 files modified in 5 seconds (potential encryption)
2025-08-30 04:20:47,901 - CRITICAL - RANSOMWARE ALERT: Mass file modification detected: 8 files modified in 5 seconds (potential encryption)
2025-08-30 04:51:21,435 - INFO - Ransomware Watcher initialized - monitoring directories
2025-08-30 04:51:21,435 - INFO - Ransomware Watcher initialized - monitoring directories
2025-08-30 04:51:21,435 - INFO - Monitoring directory: C:\Users\MADHURIMA\Documents\testtxt
2025-08-30 04:51:21,435 - INFO - Monitoring directory: C:\Users\MADHURIMA\Documents\testtxt
2025-08-30 04:51:21,436 - INFO - Monitoring directory: C:\Users\MADHURIMA\Documents
2025-08-30 04:51:21,436 - INFO - Monitoring directory: C:\Users\MADHURIMA\Documents
2025-08-30 04:51:21,439 - INFO - File system watcher started successfully
2025-08-30 04:51:21,439 - INFO - File system watcher started successfully
2025-08-30 04:51:35,593 - INFO - Recent process info for deleted: 10 unique processes identified
2025-08-30 04:51:35,593 - INFO - Recent process info for deleted: 10 unique processes identified
2025-08-30 04:51:35,595 - WARNING - RANSOMWARE ALERT: Mass file deletion detected: 3 files deleted in 2 seconds
2025-08-30 04:51:35,595 - WARNING - RANSOMWARE ALERT: Mass file deletion detected: 3 files deleted in 2 seconds
2025-08-30 04:54:29,317 - INFO - Ransomware Watcher initialized - monitoring directories
2025-08-30 04:54:29,317 - INFO - Ransomware Watcher initialized - monitoring directories
2025-08-30 04:54:29,317 - INFO - Monitoring directory: C:\Users\MADHURIMA\Documents\testtxt
2025-08-30 04:54:29,317 - INFO - Monitoring directory: C:\Users\MADHURIMA\Documents\testtxt
2025-08-30 04:54:29,317 - INFO - Monitoring directory: C:\Users\MADHURIMA\Documents
2025-08-30 04:54:29,317 - INFO - Monitoring directory: C:\Users\MADHURIMA\Documents
2025-08-30 04:54:29,317 - INFO - File system watcher started successfully
2025-08-30 04:54:29,317 - INFO - File system watcher started successfully
2025-08-30 04:54:40,956 - INFO - Recent process info for modified: 10 unique processes identified
2025-08-30 04:54:40,956 - INFO - Recent process info for modified: 10 unique processes identified
2025-08-30 04:54:40,956 - CRITICAL - RANSOMWARE ALERT: Mass file modification detected: 4 files modified in 2 seconds (potential encryption)
2025-08-30 04:54:40,956 - CRITICAL - RANSOMWARE ALERT: Mass file modification detected: 4 files modified in 2 seconds (potential encryption)
